<?xml version="1.0" encoding="UTF-8"?>
<testsuite xmlns:xsi="http://www.w3.org/2001/XMLSchema-instance" xsi:noNamespaceSchemaLocation="https://maven.apache.org/surefire/maven-surefire-plugin/xsd/surefire-test-report.xsd" name="test.TestEJBSessio" time="0.39" tests="0" errors="0" skipped="0" failures="0">
  <properties>
    <property name="sun.desktop" value="gnome"/>
    <property name="awt.toolkit" value="sun.awt.X11.XToolkit"/>
    <property name="file.encoding.pkg" value="sun.io"/>
    <property name="java.specification.version" value="1.8"/>
    <property name="sun.jnu.encoding" value="UTF-8"/>
    <property name="java.class.path" value="/home/vtriquell/IBM/rationalsdp/workspace/jvtCasalDona/jvtCasalDonaEJB/target/test-classes:/home/vtriquell/IBM/rationalsdp/workspace/jvtCasalDona/jvtCasalDonaEJB/target/classes:/home/vtriquell/.m2/repository/javax/persistence/javax.persistence-api/2.2/javax.persistence-api-2.2.jar:/home/vtriquell/.m2/repository/javax/transaction/javax.transaction-api/1.3/javax.transaction-api-1.3.jar:/home/vtriquell/.m2/repository/javax/ejb/javax.ejb-api/3.2.2/javax.ejb-api-3.2.2.jar:/home/vtriquell/.m2/repository/com/google/code/gson/gson/2.8.6/gson-2.8.6.jar:/home/vtriquell/.m2/repository/org/testng/testng/7.3.0/testng-7.3.0.jar:/home/vtriquell/.m2/repository/com/beust/jcommander/1.78/jcommander-1.78.jar:/home/vtriquell/.m2/repository/org/apache/ant/ant/1.10.3/ant-1.10.3.jar:/home/vtriquell/.m2/repository/org/apache/ant/ant-launcher/1.10.3/ant-launcher-1.10.3.jar:/home/vtriquell/.m2/repository/junit/junit/4.12/junit-4.12.jar:/home/vtriquell/.m2/repository/org/hamcrest/hamcrest-core/1.3/hamcrest-core-1.3.jar:/home/vtriquell/.m2/repository/com/google/inject/guice/4.2.2/guice-4.2.2-no_aop.jar:/home/vtriquell/.m2/repository/javax/inject/javax.inject/1/javax.inject-1.jar:/home/vtriquell/.m2/repository/aopalliance/aopalliance/1.0/aopalliance-1.0.jar:/home/vtriquell/.m2/repository/com/google/guava/guava/25.1-android/guava-25.1-android.jar:/home/vtriquell/.m2/repository/com/google/code/findbugs/jsr305/3.0.2/jsr305-3.0.2.jar:/home/vtriquell/.m2/repository/org/checkerframework/checker-compat-qual/2.0.0/checker-compat-qual-2.0.0.jar:/home/vtriquell/.m2/repository/com/google/errorprone/error_prone_annotations/2.1.3/error_prone_annotations-2.1.3.jar:/home/vtriquell/.m2/repository/com/google/j2objc/j2objc-annotations/1.1/j2objc-annotations-1.1.jar:/home/vtriquell/.m2/repository/org/codehaus/mojo/animal-sniffer-annotations/1.14/animal-sniffer-annotations-1.14.jar:/home/vtriquell/.m2/repository/org/yaml/snakeyaml/1.21/snakeyaml-1.21.jar:/home/vtriquell/.m2/repository/javax/ws/rs/javax.ws.rs-api/2.1.1/javax.ws.rs-api-2.1.1.jar:"/>
    <property name="java.vm.vendor" value="IBM Corporation"/>
    <property name="com.ibm.zero.version" value="2"/>
    <property name="sun.arch.data.model" value="64"/>
    <property name="com.ibm.vm.bitmode" value="64"/>
    <property name="user.variant" value=""/>
    <property name="com.ibm.oti.vm.library.version" value="29"/>
    <property name="java.vendor.url" value="http://www.ibm.com"/>
    <property name="user.timezone" value=""/>
    <property name="os.name" value="Linux"/>
    <property name="java.vm.specification.version" value="1.8"/>
    <property name="sun.java.launcher" value="SUN_STANDARD"/>
    <property name="user.country" value="ES"/>
    <property name="sun.boot.library.path" value="/opt/IBM/SDP/jdk/jre/lib/amd64/compressedrefs:/opt/IBM/SDP/jdk/jre/lib/amd64"/>
    <property name="sun.java.command" value="/home/vtriquell/IBM/rationalsdp/workspace/jvtCasalDona/jvtCasalDonaEJB/target/surefire/surefirebooter3373243230629598161.jar /home/vtriquell/IBM/rationalsdp/workspace/jvtCasalDona/jvtCasalDonaEJB/target/surefire 2020-12-07T21-50-35_499-jvmRun1 surefire5814909391525714079tmp surefire_02274964442741806124tmp"/>
    <property name="surefire.test.class.path" value="/home/vtriquell/IBM/rationalsdp/workspace/jvtCasalDona/jvtCasalDonaEJB/target/test-classes:/home/vtriquell/IBM/rationalsdp/workspace/jvtCasalDona/jvtCasalDonaEJB/target/classes:/home/vtriquell/.m2/repository/javax/persistence/javax.persistence-api/2.2/javax.persistence-api-2.2.jar:/home/vtriquell/.m2/repository/javax/transaction/javax.transaction-api/1.3/javax.transaction-api-1.3.jar:/home/vtriquell/.m2/repository/javax/ejb/javax.ejb-api/3.2.2/javax.ejb-api-3.2.2.jar:/home/vtriquell/.m2/repository/com/google/code/gson/gson/2.8.6/gson-2.8.6.jar:/home/vtriquell/.m2/repository/org/testng/testng/7.3.0/testng-7.3.0.jar:/home/vtriquell/.m2/repository/com/beust/jcommander/1.78/jcommander-1.78.jar:/home/vtriquell/.m2/repository/org/apache/ant/ant/1.10.3/ant-1.10.3.jar:/home/vtriquell/.m2/repository/org/apache/ant/ant-launcher/1.10.3/ant-launcher-1.10.3.jar:/home/vtriquell/.m2/repository/junit/junit/4.12/junit-4.12.jar:/home/vtriquell/.m2/repository/org/hamcrest/hamcrest-core/1.3/hamcrest-core-1.3.jar:/home/vtriquell/.m2/repository/com/google/inject/guice/4.2.2/guice-4.2.2-no_aop.jar:/home/vtriquell/.m2/repository/javax/inject/javax.inject/1/javax.inject-1.jar:/home/vtriquell/.m2/repository/aopalliance/aopalliance/1.0/aopalliance-1.0.jar:/home/vtriquell/.m2/repository/com/google/guava/guava/25.1-android/guava-25.1-android.jar:/home/vtriquell/.m2/repository/com/google/code/findbugs/jsr305/3.0.2/jsr305-3.0.2.jar:/home/vtriquell/.m2/repository/org/checkerframework/checker-compat-qual/2.0.0/checker-compat-qual-2.0.0.jar:/home/vtriquell/.m2/repository/com/google/errorprone/error_prone_annotations/2.1.3/error_prone_annotations-2.1.3.jar:/home/vtriquell/.m2/repository/com/google/j2objc/j2objc-annotations/1.1/j2objc-annotations-1.1.jar:/home/vtriquell/.m2/repository/org/codehaus/mojo/animal-sniffer-annotations/1.14/animal-sniffer-annotations-1.14.jar:/home/vtriquell/.m2/repository/org/yaml/snakeyaml/1.21/snakeyaml-1.21.jar:/home/vtriquell/.m2/repository/javax/ws/rs/javax.ws.rs-api/2.1.1/javax.ws.rs-api-2.1.1.jar:"/>
    <property name="sun.cpu.endian" value="little"/>
    <property name="user.home" value="/home/vtriquell"/>
    <property name="user.language" value="es"/>
    <property name="java.specification.vendor" value="Oracle Corporation"/>
    <property name="java.home" value="/opt/IBM/SDP/jdk/jre"/>
    <property name="ibm.signalhandling.rs" value="false"/>
    <property name="file.separator" value="/"/>
    <property name="basedir" value="/home/vtriquell/IBM/rationalsdp/workspace/jvtCasalDona/jvtCasalDonaEJB"/>
    <property name="line.separator" value="&#10;"/>
    <property name="java.vm.specification.vendor" value="Oracle Corporation"/>
    <property name="java.specification.name" value="Java Platform API Specification"/>
    <property name="java.compiler" value="j9jit29"/>
    <property name="com.ibm.util.extralibs.properties" value=""/>
    <property name="sun.java.launcher.pid" value="7208"/>
    <property name="java.awt.graphicsenv" value="sun.awt.X11GraphicsEnvironment"/>
    <property name="com.ibm.oti.configuration" value="scar"/>
    <property name="java.awt.fonts" value=""/>
    <property name="surefire.real.class.path" value="/home/vtriquell/IBM/rationalsdp/workspace/jvtCasalDona/jvtCasalDonaEJB/target/surefire/surefirebooter3373243230629598161.jar"/>
    <property name="com.ibm.oti.shared.enabled" value="false"/>
    <property name="sun.boot.class.path" value="/opt/IBM/SDP/jdk/jre/lib/endorsed/jaxws-api.jar:/opt/IBM/SDP/jdk/jre/lib/endorsed/javax.j2ee.annotation.jar:/opt/IBM/SDP/jdk/jre/lib/endorsed/jaxb-api.jar:/opt/IBM/SDP/jdk/jre/lib/amd64/compressedrefs/jclSC180/vm.jar:/opt/IBM/SDP/jdk/jre/lib/se-service.jar:/opt/IBM/SDP/jdk/jre/lib/math.jar:/opt/IBM/SDP/jdk/jre/lib/ibmorb.jar:/opt/IBM/SDP/jdk/jre/lib/ibmorbapi.jar:/opt/IBM/SDP/jdk/jre/lib/ibmcfw.jar:/opt/IBM/SDP/jdk/jre/lib/ibmpkcs.jar:/opt/IBM/SDP/jdk/jre/lib/ibmcertpathfw.jar:/opt/IBM/SDP/jdk/jre/lib/ibmjgssfw.jar:/opt/IBM/SDP/jdk/jre/lib/ibmjssefw.jar:/opt/IBM/SDP/jdk/jre/lib/ibmsaslfw.jar:/opt/IBM/SDP/jdk/jre/lib/ibmjcefw.jar:/opt/IBM/SDP/jdk/jre/lib/ibmjgssprovider.jar:/opt/IBM/SDP/jdk/jre/lib/ibmjsseprovider2.jar:/opt/IBM/SDP/jdk/jre/lib/ibmcertpathprovider.jar:/opt/IBM/SDP/jdk/jre/lib/xmldsigfw.jar:/opt/IBM/SDP/jdk/jre/lib/xml.jar:/opt/IBM/SDP/jdk/jre/lib/charsets.jar:/opt/IBM/SDP/jdk/jre/lib/resources.jar:/opt/IBM/SDP/jdk/jre/lib/rt.jar:/opt/IBM/SDP/jdk/jre/lib/dataaccess.jar"/>
    <property name="com.ibm.oti.vm.bootstrap.library.path" value="/opt/IBM/SDP/jdk/jre/lib/amd64/compressedrefs:/opt/IBM/SDP/jdk/jre/lib/amd64"/>
    <property name="com.ibm.cpu.endian" value="little"/>
    <property name="java.fullversion" value="8.0.6.7 - pxa6480sr6fp7-20200312_01(SR6 FP7)&#10;JRE 1.8.0 Linux amd64-64-Bit Compressed References 20200219_440062 (JIT enabled, AOT enabled)&#10;OpenJ9   - 3088245&#10;OMR      - eb95a4d&#10;IBM      - 83517b6"/>
    <property name="java.runtime.version" value="8.0.6.7 - pxa6480sr6fp7-20200312_01(SR6 FP7)"/>
    <property name="java.lang.stringBuffer.growAggressively" value="false"/>
    <property name="user.name" value="vtriquell"/>
    <property name="path.separator" value=":"/>
    <property name="os.version" value="5.4.0-56-generic"/>
    <property name="java.endorsed.dirs" value="/opt/IBM/SDP/jdk/jre/lib/endorsed"/>
    <property name="java.runtime.name" value="Java(TM) SE Runtime Environment"/>
    <property name="ibm.signalhandling.sigint" value="true"/>
    <property name="file.encoding" value="UTF-8"/>
    <property name="java.vm.name" value="IBM J9 VM"/>
    <property name="ibm.signalhandling.sigchain" value="true"/>
    <property name="localRepository" value="/home/vtriquell/.m2/repository"/>
    <property name="java.io.tmpdir" value="/tmp"/>
    <property name="java.version" value="1.8.0_241"/>
    <property name="com.ibm.system.agent.path" value="/opt/IBM/SDP/jdk/jre/lib/amd64"/>
    <property name="user.dir" value="/home/vtriquell/IBM/rationalsdp/workspace/jvtCasalDona/jvtCasalDonaEJB"/>
    <property name="os.arch" value="amd64"/>
    <property name="java.vm.specification.name" value="Java Virtual Machine Specification"/>
    <property name="java.awt.printerjob" value="sun.print.PSPrinterJob"/>
    <property name="os.encoding" value="UTF-8"/>
    <property name="java.library.path" value="/opt/IBM/SDP/jdk/jre/lib/amd64/compressedrefs:/opt/IBM/SDP/jdk/jre/lib/amd64:/usr/lib64:/usr/lib"/>
    <property name="java.vendor" value="IBM Corporation"/>
    <property name="java.vm.info" value="JRE 1.8.0 Linux amd64-64-Bit Compressed References 20200219_440062 (JIT enabled, AOT enabled)&#10;OpenJ9   - 3088245&#10;OMR      - eb95a4d&#10;IBM      - 83517b6"/>
    <property name="java.vm.version" value="2.9"/>
    <property name="com.ibm.jcl.checkClassPath" value=""/>
    <property name="ibm.system.encoding" value="UTF-8"/>
    <property name="sun.io.unicode.encoding" value="UnicodeLittle"/>
    <property name="java.ext.dirs" value="/opt/IBM/SDP/jdk/jre/lib/ext"/>
    <property name="java.class.version" value="52.0"/>
  </properties>
</testsuite>